<?xml version="1.0" encoding="UTF-8"?>
<!-- Generated by org.testng.reporters.JUnitReportReporter -->
<testsuite name="com.course.cases.GetUserInfoTest" tests="1" time="0.134" ignored="0" failures="0" timestamp="21 Nov 2019 05:57:23 GMT" skipped="0" hostname="huangwz" errors="0">
  <testcase name="getUserInfo" time="0.134" classname="com.course.cases.GetUserInfoTest"/>
</testsuite> <!-- com.course.cases.GetUserInfoTest -->
