<?xml version="1.0" encoding="UTF-8"?>
<!-- Generated by org.testng.reporters.JUnitReportReporter -->
<testsuite name="com.course.cases.UpdateUserInfoTest" tests="2" time="6.204" ignored="0" failures="0" timestamp="21 Nov 2019 05:57:23 GMT" skipped="0" hostname="huangwz" errors="0">
  <testcase name="updateUserInfo" time="3.126" classname="com.course.cases.UpdateUserInfoTest"/>
  <testcase name="deleteUser" time="3.078" classname="com.course.cases.UpdateUserInfoTest"/>
</testsuite> <!-- com.course.cases.UpdateUserInfoTest -->
