<?xml version="1.0" encoding="UTF-8"?>
<!-- Generated by org.testng.reporters.JUnitReportReporter -->
<testsuite name="com.course.cases.LoginTest" tests="2" time="1.396" ignored="0" failures="0" timestamp="21 Nov 2019 05:57:23 GMT" skipped="0" hostname="huangwz" errors="0">
  <testcase name="loginTrue" time="1.317" classname="com.course.cases.LoginTest"/>
  <testcase name="loginFalse" time="0.079" classname="com.course.cases.LoginTest"/>
</testsuite> <!-- com.course.cases.LoginTest -->
