<?xml version="1.0" encoding="UTF-8"?>
<!-- Generated by org.testng.reporters.JUnitReportReporter -->
<testsuite name="com.course.cases.GetUserInfoListTest" tests="1" time="0.089" ignored="0" failures="0" timestamp="21 Nov 2019 05:57:23 GMT" skipped="0" hostname="huangwz" errors="0">
  <testcase name="getUserListInfo" time="0.089" classname="com.course.cases.GetUserInfoListTest"/>
</testsuite> <!-- com.course.cases.GetUserInfoListTest -->
